0 info it worked if it ends with ok
1 verbose cli [ '/usr/local/bin/node',
1 verbose cli   '/usr/local/bin/npm',
1 verbose cli   'install',
1 verbose cli   'hubot',
1 verbose cli   'hubot-scripts',
1 verbose cli   'hubot-diagnostics',
1 verbose cli   'hubot-help',
1 verbose cli   'hubot-heroku-keepalive',
1 verbose cli   'hubot-google-images',
1 verbose cli   'hubot-google-translate',
1 verbose cli   'hubot-pugme',
1 verbose cli   'hubot-maps',
1 verbose cli   'hubot-redis-brain',
1 verbose cli   'hubot-rules',
1 verbose cli   'hubot-shipit',
1 verbose cli   'hubot-slack',
1 verbose cli   '--save' ]
2 info using npm@4.0.5
3 info using node@v7.4.0
4 silly loadCurrentTree Starting
5 silly install loadCurrentTree
6 silly install readLocalPackageData
7 silly fetchPackageMetaData hubot
8 silly fetchPackageMetaData hubot-scripts
9 silly fetchPackageMetaData hubot-diagnostics
10 silly fetchPackageMetaData hubot-help
11 silly fetchPackageMetaData hubot-heroku-keepalive
12 silly fetchPackageMetaData hubot-google-images
13 silly fetchPackageMetaData hubot-google-translate
14 silly fetchPackageMetaData hubot-pugme
15 silly fetchPackageMetaData hubot-maps
16 silly fetchPackageMetaData hubot-redis-brain
17 silly fetchPackageMetaData hubot-rules
18 silly fetchPackageMetaData hubot-shipit
19 silly fetchPackageMetaData hubot-slack
20 silly fetchNamedPackageData hubot
21 silly mapToRegistry name hubot
22 silly mapToRegistry using default registry
23 silly mapToRegistry registry https://registry.npmjs.org/
24 silly mapToRegistry data Result {
24 silly mapToRegistry   raw: 'hubot',
24 silly mapToRegistry   scope: null,
24 silly mapToRegistry   escapedName: 'hubot',
24 silly mapToRegistry   name: 'hubot',
24 silly mapToRegistry   rawSpec: '',
24 silly mapToRegistry   spec: 'latest',
24 silly mapToRegistry   type: 'tag' }
25 silly mapToRegistry uri https://registry.npmjs.org/hubot
26 silly fetchNamedPackageData hubot-scripts
27 silly mapToRegistry name hubot-scripts
28 silly mapToRegistry using default registry
29 silly mapToRegistry registry https://registry.npmjs.org/
30 silly mapToRegistry data Result {
30 silly mapToRegistry   raw: 'hubot-scripts',
30 silly mapToRegistry   scope: null,
30 silly mapToRegistry   escapedName: 'hubot-scripts',
30 silly mapToRegistry   name: 'hubot-scripts',
30 silly mapToRegistry   rawSpec: '',
30 silly mapToRegistry   spec: 'latest',
30 silly mapToRegistry   type: 'tag' }
31 silly mapToRegistry uri https://registry.npmjs.org/hubot-scripts
32 silly fetchNamedPackageData hubot-diagnostics
33 silly mapToRegistry name hubot-diagnostics
34 silly mapToRegistry using default registry
35 silly mapToRegistry registry https://registry.npmjs.org/
36 silly mapToRegistry data Result {
36 silly mapToRegistry   raw: 'hubot-diagnostics',
36 silly mapToRegistry   scope: null,
36 silly mapToRegistry   escapedName: 'hubot-diagnostics',
36 silly mapToRegistry   name: 'hubot-diagnostics',
36 silly mapToRegistry   rawSpec: '',
36 silly mapToRegistry   spec: 'latest',
36 silly mapToRegistry   type: 'tag' }
37 silly mapToRegistry uri https://registry.npmjs.org/hubot-diagnostics
38 silly fetchNamedPackageData hubot-help
39 silly mapToRegistry name hubot-help
40 silly mapToRegistry using default registry
41 silly mapToRegistry registry https://registry.npmjs.org/
42 silly mapToRegistry data Result {
42 silly mapToRegistry   raw: 'hubot-help',
42 silly mapToRegistry   scope: null,
42 silly mapToRegistry   escapedName: 'hubot-help',
42 silly mapToRegistry   name: 'hubot-help',
42 silly mapToRegistry   rawSpec: '',
42 silly mapToRegistry   spec: 'latest',
42 silly mapToRegistry   type: 'tag' }
43 silly mapToRegistry uri https://registry.npmjs.org/hubot-help
44 silly fetchNamedPackageData hubot-heroku-keepalive
45 silly mapToRegistry name hubot-heroku-keepalive
46 silly mapToRegistry using default registry
47 silly mapToRegistry registry https://registry.npmjs.org/
48 silly mapToRegistry data Result {
48 silly mapToRegistry   raw: 'hubot-heroku-keepalive',
48 silly mapToRegistry   scope: null,
48 silly mapToRegistry   escapedName: 'hubot-heroku-keepalive',
48 silly mapToRegistry   name: 'hubot-heroku-keepalive',
48 silly mapToRegistry   rawSpec: '',
48 silly mapToRegistry   spec: 'latest',
48 silly mapToRegistry   type: 'tag' }
49 silly mapToRegistry uri https://registry.npmjs.org/hubot-heroku-keepalive
50 silly fetchNamedPackageData hubot-google-images
51 silly mapToRegistry name hubot-google-images
52 silly mapToRegistry using default registry
53 silly mapToRegistry registry https://registry.npmjs.org/
54 silly mapToRegistry data Result {
54 silly mapToRegistry   raw: 'hubot-google-images',
54 silly mapToRegistry   scope: null,
54 silly mapToRegistry   escapedName: 'hubot-google-images',
54 silly mapToRegistry   name: 'hubot-google-images',
54 silly mapToRegistry   rawSpec: '',
54 silly mapToRegistry   spec: 'latest',
54 silly mapToRegistry   type: 'tag' }
55 silly mapToRegistry uri https://registry.npmjs.org/hubot-google-images
56 silly fetchNamedPackageData hubot-google-translate
57 silly mapToRegistry name hubot-google-translate
58 silly mapToRegistry using default registry
59 silly mapToRegistry registry https://registry.npmjs.org/
60 silly mapToRegistry data Result {
60 silly mapToRegistry   raw: 'hubot-google-translate',
60 silly mapToRegistry   scope: null,
60 silly mapToRegistry   escapedName: 'hubot-google-translate',
60 silly mapToRegistry   name: 'hubot-google-translate',
60 silly mapToRegistry   rawSpec: '',
60 silly mapToRegistry   spec: 'latest',
60 silly mapToRegistry   type: 'tag' }
61 silly mapToRegistry uri https://registry.npmjs.org/hubot-google-translate
62 silly fetchNamedPackageData hubot-pugme
63 silly mapToRegistry name hubot-pugme
64 silly mapToRegistry using default registry
65 silly mapToRegistry registry https://registry.npmjs.org/
66 silly mapToRegistry data Result {
66 silly mapToRegistry   raw: 'hubot-pugme',
66 silly mapToRegistry   scope: null,
66 silly mapToRegistry   escapedName: 'hubot-pugme',
66 silly mapToRegistry   name: 'hubot-pugme',
66 silly mapToRegistry   rawSpec: '',
66 silly mapToRegistry   spec: 'latest',
66 silly mapToRegistry   type: 'tag' }
67 silly mapToRegistry uri https://registry.npmjs.org/hubot-pugme
68 silly fetchNamedPackageData hubot-maps
69 silly mapToRegistry name hubot-maps
70 silly mapToRegistry using default registry
71 silly mapToRegistry registry https://registry.npmjs.org/
72 silly mapToRegistry data Result {
72 silly mapToRegistry   raw: 'hubot-maps',
72 silly mapToRegistry   scope: null,
72 silly mapToRegistry   escapedName: 'hubot-maps',
72 silly mapToRegistry   name: 'hubot-maps',
72 silly mapToRegistry   rawSpec: '',
72 silly mapToRegistry   spec: 'latest',
72 silly mapToRegistry   type: 'tag' }
73 silly mapToRegistry uri https://registry.npmjs.org/hubot-maps
74 silly fetchNamedPackageData hubot-redis-brain
75 silly mapToRegistry name hubot-redis-brain
76 silly mapToRegistry using default registry
77 silly mapToRegistry registry https://registry.npmjs.org/
78 silly mapToRegistry data Result {
78 silly mapToRegistry   raw: 'hubot-redis-brain',
78 silly mapToRegistry   scope: null,
78 silly mapToRegistry   escapedName: 'hubot-redis-brain',
78 silly mapToRegistry   name: 'hubot-redis-brain',
78 silly mapToRegistry   rawSpec: '',
78 silly mapToRegistry   spec: 'latest',
78 silly mapToRegistry   type: 'tag' }
79 silly mapToRegistry uri https://registry.npmjs.org/hubot-redis-brain
80 silly fetchNamedPackageData hubot-rules
81 silly mapToRegistry name hubot-rules
82 silly mapToRegistry using default registry
83 silly mapToRegistry registry https://registry.npmjs.org/
84 silly mapToRegistry data Result {
84 silly mapToRegistry   raw: 'hubot-rules',
84 silly mapToRegistry   scope: null,
84 silly mapToRegistry   escapedName: 'hubot-rules',
84 silly mapToRegistry   name: 'hubot-rules',
84 silly mapToRegistry   rawSpec: '',
84 silly mapToRegistry   spec: 'latest',
84 silly mapToRegistry   type: 'tag' }
85 silly mapToRegistry uri https://registry.npmjs.org/hubot-rules
86 silly fetchNamedPackageData hubot-shipit
87 silly mapToRegistry name hubot-shipit
88 silly mapToRegistry using default registry
89 silly mapToRegistry registry https://registry.npmjs.org/
90 silly mapToRegistry data Result {
90 silly mapToRegistry   raw: 'hubot-shipit',
90 silly mapToRegistry   scope: null,
90 silly mapToRegistry   escapedName: 'hubot-shipit',
90 silly mapToRegistry   name: 'hubot-shipit',
90 silly mapToRegistry   rawSpec: '',
90 silly mapToRegistry   spec: 'latest',
90 silly mapToRegistry   type: 'tag' }
91 silly mapToRegistry uri https://registry.npmjs.org/hubot-shipit
92 silly fetchNamedPackageData hubot-slack
93 silly mapToRegistry name hubot-slack
94 silly mapToRegistry using default registry
95 silly mapToRegistry registry https://registry.npmjs.org/
96 silly mapToRegistry data Result {
96 silly mapToRegistry   raw: 'hubot-slack',
96 silly mapToRegistry   scope: null,
96 silly mapToRegistry   escapedName: 'hubot-slack',
96 silly mapToRegistry   name: 'hubot-slack',
96 silly mapToRegistry   rawSpec: '',
96 silly mapToRegistry   spec: 'latest',
96 silly mapToRegistry   type: 'tag' }
97 silly mapToRegistry uri https://registry.npmjs.org/hubot-slack
98 verbose request uri https://registry.npmjs.org/hubot-help
99 verbose request no auth needed
100 info attempt registry request try #1 at 3:34:13 AM
101 verbose request id dfe15cfb249eda09
102 verbose etag W/"572b9de6-1bf4"
103 verbose lastModified Thu, 05 May 2016 19:24:22 GMT
104 http request GET https://registry.npmjs.org/hubot-help
105 verbose request uri https://registry.npmjs.org/hubot-diagnostics
106 verbose request no auth needed
107 info attempt registry request try #1 at 3:34:13 AM
108 verbose etag W/"57f11eff-a2b"
109 verbose lastModified Sun, 02 Oct 2016 14:51:43 GMT
110 http request GET https://registry.npmjs.org/hubot-diagnostics
111 verbose request uri https://registry.npmjs.org/hubot-scripts
112 verbose request no auth needed
113 info attempt registry request try #1 at 3:34:13 AM
114 verbose etag W/"5739e625-106f6"
115 verbose lastModified Mon, 16 May 2016 15:24:21 GMT
116 http request GET https://registry.npmjs.org/hubot-scripts
117 verbose request uri https://registry.npmjs.org/hubot
118 verbose request no auth needed
119 info attempt registry request try #1 at 3:34:13 AM
120 verbose etag W/"5819b505-18339"
121 verbose lastModified Wed, 02 Nov 2016 09:42:29 GMT
122 http request GET https://registry.npmjs.org/hubot
123 verbose request uri https://registry.npmjs.org/hubot-heroku-keepalive
124 verbose request no auth needed
125 info attempt registry request try #1 at 3:34:13 AM
126 verbose etag W/"5690be1f-38df"
127 verbose lastModified Sat, 09 Jan 2016 08:00:31 GMT
128 http request GET https://registry.npmjs.org/hubot-heroku-keepalive
129 verbose request uri https://registry.npmjs.org/hubot-google-images
130 verbose request no auth needed
131 info attempt registry request try #1 at 3:34:13 AM
132 verbose etag W/"5664f096-56b1"
133 verbose lastModified Mon, 07 Dec 2015 02:36:06 GMT
134 http request GET https://registry.npmjs.org/hubot-google-images
135 verbose request uri https://registry.npmjs.org/hubot-pugme
136 verbose request no auth needed
137 info attempt registry request try #1 at 3:34:13 AM
138 verbose etag W/"5571e8e0-b25"
139 verbose lastModified Fri, 05 Jun 2015 18:22:24 GMT
140 http request GET https://registry.npmjs.org/hubot-pugme
141 verbose request uri https://registry.npmjs.org/hubot-google-translate
142 verbose request no auth needed
143 info attempt registry request try #1 at 3:34:13 AM
144 verbose etag W/"5571e8c4-117e"
145 verbose lastModified Fri, 05 Jun 2015 18:21:56 GMT
146 http request GET https://registry.npmjs.org/hubot-google-translate
147 verbose request uri https://registry.npmjs.org/hubot-maps
148 verbose request no auth needed
149 info attempt registry request try #1 at 3:34:13 AM
150 verbose etag W/"55144ec9-1089"
151 verbose lastModified Thu, 26 Mar 2015 18:24:09 GMT
152 http request GET https://registry.npmjs.org/hubot-maps
153 verbose request uri https://registry.npmjs.org/hubot-rules
154 verbose request no auth needed
155 info attempt registry request try #1 at 3:34:13 AM
156 verbose etag W/"55725f4b-10b9"
157 verbose lastModified Sat, 06 Jun 2015 02:47:39 GMT
158 http request GET https://registry.npmjs.org/hubot-rules
159 verbose request uri https://registry.npmjs.org/hubot-redis-brain
160 verbose request no auth needed
161 info attempt registry request try #1 at 3:34:13 AM
162 verbose etag W/"55724ea9-15a2"
163 verbose lastModified Sat, 06 Jun 2015 01:36:41 GMT
164 http request GET https://registry.npmjs.org/hubot-redis-brain
165 verbose request uri https://registry.npmjs.org/hubot-shipit
166 verbose request no auth needed
167 info attempt registry request try #1 at 3:34:13 AM
168 verbose etag W/"5571e8f9-18fb"
169 verbose lastModified Fri, 05 Jun 2015 18:22:49 GMT
170 http request GET https://registry.npmjs.org/hubot-shipit
171 verbose request uri https://registry.npmjs.org/hubot-slack
172 verbose request no auth needed
173 info attempt registry request try #1 at 3:34:13 AM
174 verbose etag W/"586ee71f-fefc"
175 verbose lastModified Fri, 06 Jan 2017 00:38:55 GMT
176 http request GET https://registry.npmjs.org/hubot-slack
177 http 200 https://registry.npmjs.org/hubot-slack
178 verbose headers { server: 'nginx/1.10.1',
178 verbose headers   'content-type': 'application/json',
178 verbose headers   'last-modified': 'Tue, 10 Jan 2017 00:48:11 GMT',
178 verbose headers   etag: 'W/"58742f4b-1076c"',
178 verbose headers   'content-encoding': 'gzip',
178 verbose headers   'cache-control': 'max-age=300',
178 verbose headers   'content-length': '5609',
178 verbose headers   'accept-ranges': 'bytes',
178 verbose headers   date: 'Thu, 12 Jan 2017 19:34:15 GMT',
178 verbose headers   via: '1.1 varnish',
178 verbose headers   age: '30',
178 verbose headers   connection: 'keep-alive',
178 verbose headers   'x-served-by': 'cache-sin6923-SIN',
178 verbose headers   'x-cache': 'HIT',
178 verbose headers   'x-cache-hits': '1',
178 verbose headers   'x-timer': 'S1484249655.134463,VS0,VE0',
178 verbose headers   vary: 'Accept-Encoding' }
179 silly get cb [ 200,
179 silly get   { server: 'nginx/1.10.1',
179 silly get     'content-type': 'application/json',
179 silly get     'last-modified': 'Tue, 10 Jan 2017 00:48:11 GMT',
179 silly get     etag: 'W/"58742f4b-1076c"',
179 silly get     'content-encoding': 'gzip',
179 silly get     'cache-control': 'max-age=300',
179 silly get     'content-length': '5609',
179 silly get     'accept-ranges': 'bytes',
179 silly get     date: 'Thu, 12 Jan 2017 19:34:15 GMT',
179 silly get     via: '1.1 varnish',
179 silly get     age: '30',
179 silly get     connection: 'keep-alive',
179 silly get     'x-served-by': 'cache-sin6923-SIN',
179 silly get     'x-cache': 'HIT',
179 silly get     'x-cache-hits': '1',
179 silly get     'x-timer': 'S1484249655.134463,VS0,VE0',
179 silly get     vary: 'Accept-Encoding' } ]
180 verbose get saving hubot-slack to /Users/bernstein/.npm/registry.npmjs.org/hubot-slack/.cache.json
181 verbose correctMkdir /Users/bernstein/.npm correctMkdir not in flight; initializing
182 http 304 https://registry.npmjs.org/hubot-help
183 verbose headers { date: 'Thu, 12 Jan 2017 19:34:15 GMT',
183 verbose headers   via: '1.1 varnish',
183 verbose headers   'cache-control': 'max-age=300',
183 verbose headers   etag: 'W/"572b9de6-1bf4"',
183 verbose headers   age: '0',
183 verbose headers   connection: 'keep-alive',
183 verbose headers   'x-served-by': 'cache-sin6922-SIN',
183 verbose headers   'x-cache': 'MISS',
183 verbose headers   'x-cache-hits': '0',
183 verbose headers   'x-timer': 'S1484249655.087143,VS0,VE195',
183 verbose headers   vary: 'Accept-Encoding' }
184 silly get cb [ 304,
184 silly get   { date: 'Thu, 12 Jan 2017 19:34:15 GMT',
184 silly get     via: '1.1 varnish',
184 silly get     'cache-control': 'max-age=300',
184 silly get     etag: 'W/"572b9de6-1bf4"',
184 silly get     age: '0',
184 silly get     connection: 'keep-alive',
184 silly get     'x-served-by': 'cache-sin6922-SIN',
184 silly get     'x-cache': 'MISS',
184 silly get     'x-cache-hits': '0',
184 silly get     'x-timer': 'S1484249655.087143,VS0,VE195',
184 silly get     vary: 'Accept-Encoding' } ]
185 verbose etag https://registry.npmjs.org/hubot-help from cache
186 verbose get saving hubot-help to /Users/bernstein/.npm/registry.npmjs.org/hubot-help/.cache.json
187 verbose correctMkdir /Users/bernstein/.npm correctMkdir not in flight; initializing
188 http 304 https://registry.npmjs.org/hubot
189 verbose headers { date: 'Thu, 12 Jan 2017 19:34:15 GMT',
189 verbose headers   via: '1.1 varnish',
189 verbose headers   'cache-control': 'max-age=300',
189 verbose headers   etag: 'W/"5819b505-18339"',
189 verbose headers   age: '0',
189 verbose headers   connection: 'keep-alive',
189 verbose headers   'x-served-by': 'cache-sin6925-SIN',
189 verbose headers   'x-cache': 'MISS',
189 verbose headers   'x-cache-hits': '0',
189 verbose headers   'x-timer': 'S1484249655.093671,VS0,VE202',
189 verbose headers   vary: 'Accept-Encoding' }
190 silly get cb [ 304,
190 silly get   { date: 'Thu, 12 Jan 2017 19:34:15 GMT',
190 silly get     via: '1.1 varnish',
190 silly get     'cache-control': 'max-age=300',
190 silly get     etag: 'W/"5819b505-18339"',
190 silly get     age: '0',
190 silly get     connection: 'keep-alive',
190 silly get     'x-served-by': 'cache-sin6925-SIN',
190 silly get     'x-cache': 'MISS',
190 silly get     'x-cache-hits': '0',
190 silly get     'x-timer': 'S1484249655.093671,VS0,VE202',
190 silly get     vary: 'Accept-Encoding' } ]
191 verbose etag https://registry.npmjs.org/hubot from cache
192 verbose get saving hubot to /Users/bernstein/.npm/registry.npmjs.org/hubot/.cache.json
193 verbose correctMkdir /Users/bernstein/.npm correctMkdir not in flight; initializing
194 http 304 https://registry.npmjs.org/hubot-scripts
195 verbose headers { date: 'Thu, 12 Jan 2017 19:34:15 GMT',
195 verbose headers   via: '1.1 varnish',
195 verbose headers   'cache-control': 'max-age=300',
195 verbose headers   etag: 'W/"5739e625-106f6"',
195 verbose headers   age: '0',
195 verbose headers   connection: 'keep-alive',
195 verbose headers   'x-served-by': 'cache-sin6924-SIN',
195 verbose headers   'x-cache': 'MISS',
195 verbose headers   'x-cache-hits': '0',
195 verbose headers   'x-timer': 'S1484249655.095955,VS0,VE201',
195 verbose headers   vary: 'Accept-Encoding' }
196 silly get cb [ 304,
196 silly get   { date: 'Thu, 12 Jan 2017 19:34:15 GMT',
196 silly get     via: '1.1 varnish',
196 silly get     'cache-control': 'max-age=300',
196 silly get     etag: 'W/"5739e625-106f6"',
196 silly get     age: '0',
196 silly get     connection: 'keep-alive',
196 silly get     'x-served-by': 'cache-sin6924-SIN',
196 silly get     'x-cache': 'MISS',
196 silly get     'x-cache-hits': '0',
196 silly get     'x-timer': 'S1484249655.095955,VS0,VE201',
196 silly get     vary: 'Accept-Encoding' } ]
197 verbose etag https://registry.npmjs.org/hubot-scripts from cache
198 verbose get saving hubot-scripts to /Users/bernstein/.npm/registry.npmjs.org/hubot-scripts/.cache.json
199 verbose correctMkdir /Users/bernstein/.npm correctMkdir not in flight; initializing
200 http 304 https://registry.npmjs.org/hubot-heroku-keepalive
201 verbose headers { date: 'Thu, 12 Jan 2017 19:34:15 GMT',
201 verbose headers   via: '1.1 varnish',
201 verbose headers   'cache-control': 'max-age=300',
201 verbose headers   etag: 'W/"5690be1f-38df"',
201 verbose headers   age: '0',
201 verbose headers   connection: 'keep-alive',
201 verbose headers   'x-served-by': 'cache-sin6922-SIN',
201 verbose headers   'x-cache': 'MISS',
201 verbose headers   'x-cache-hits': '0',
201 verbose headers   'x-timer': 'S1484249655.088197,VS0,VE198',
201 verbose headers   vary: 'Accept-Encoding' }
202 silly get cb [ 304,
202 silly get   { date: 'Thu, 12 Jan 2017 19:34:15 GMT',
202 silly get     via: '1.1 varnish',
202 silly get     'cache-control': 'max-age=300',
202 silly get     etag: 'W/"5690be1f-38df"',
202 silly get     age: '0',
202 silly get     connection: 'keep-alive',
202 silly get     'x-served-by': 'cache-sin6922-SIN',
202 silly get     'x-cache': 'MISS',
202 silly get     'x-cache-hits': '0',
202 silly get     'x-timer': 'S1484249655.088197,VS0,VE198',
202 silly get     vary: 'Accept-Encoding' } ]
203 verbose etag https://registry.npmjs.org/hubot-heroku-keepalive from cache
204 verbose get saving hubot-heroku-keepalive to /Users/bernstein/.npm/registry.npmjs.org/hubot-heroku-keepalive/.cache.json
205 verbose correctMkdir /Users/bernstein/.npm correctMkdir not in flight; initializing
206 http 304 https://registry.npmjs.org/hubot-google-images
207 verbose headers { date: 'Thu, 12 Jan 2017 19:34:15 GMT',
207 verbose headers   via: '1.1 varnish',
207 verbose headers   'cache-control': 'max-age=300',
207 verbose headers   etag: 'W/"5664f096-56b1"',
207 verbose headers   age: '0',
207 verbose headers   connection: 'keep-alive',
207 verbose headers   'x-served-by': 'cache-sin6926-SIN',
207 verbose headers   'x-cache': 'MISS',
207 verbose headers   'x-cache-hits': '0',
207 verbose headers   'x-timer': 'S1484249655.096264,VS0,VE201',
207 verbose headers   vary: 'Accept-Encoding' }
208 silly get cb [ 304,
208 silly get   { date: 'Thu, 12 Jan 2017 19:34:15 GMT',
208 silly get     via: '1.1 varnish',
208 silly get     'cache-control': 'max-age=300',
208 silly get     etag: 'W/"5664f096-56b1"',
208 silly get     age: '0',
208 silly get     connection: 'keep-alive',
208 silly get     'x-served-by': 'cache-sin6926-SIN',
208 silly get     'x-cache': 'MISS',
208 silly get     'x-cache-hits': '0',
208 silly get     'x-timer': 'S1484249655.096264,VS0,VE201',
208 silly get     vary: 'Accept-Encoding' } ]
209 verbose etag https://registry.npmjs.org/hubot-google-images from cache
210 verbose get saving hubot-google-images to /Users/bernstein/.npm/registry.npmjs.org/hubot-google-images/.cache.json
211 verbose correctMkdir /Users/bernstein/.npm correctMkdir not in flight; initializing
212 http 304 https://registry.npmjs.org/hubot-diagnostics
213 verbose headers { date: 'Thu, 12 Jan 2017 19:34:15 GMT',
213 verbose headers   via: '1.1 varnish',
213 verbose headers   'cache-control': 'max-age=300',
213 verbose headers   etag: 'W/"57f11eff-a2b"',
213 verbose headers   age: '0',
213 verbose headers   connection: 'keep-alive',
213 verbose headers   'x-served-by': 'cache-sin6924-SIN',
213 verbose headers   'x-cache': 'MISS',
213 verbose headers   'x-cache-hits': '0',
213 verbose headers   'x-timer': 'S1484249655.106953,VS0,VE199',
213 verbose headers   vary: 'Accept-Encoding' }
214 silly get cb [ 304,
214 silly get   { date: 'Thu, 12 Jan 2017 19:34:15 GMT',
214 silly get     via: '1.1 varnish',
214 silly get     'cache-control': 'max-age=300',
214 silly get     etag: 'W/"57f11eff-a2b"',
214 silly get     age: '0',
214 silly get     connection: 'keep-alive',
214 silly get     'x-served-by': 'cache-sin6924-SIN',
214 silly get     'x-cache': 'MISS',
214 silly get     'x-cache-hits': '0',
214 silly get     'x-timer': 'S1484249655.106953,VS0,VE199',
214 silly get     vary: 'Accept-Encoding' } ]
215 verbose etag https://registry.npmjs.org/hubot-diagnostics from cache
216 verbose get saving hubot-diagnostics to /Users/bernstein/.npm/registry.npmjs.org/hubot-diagnostics/.cache.json
217 verbose correctMkdir /Users/bernstein/.npm correctMkdir not in flight; initializing
218 http 304 https://registry.npmjs.org/hubot-rules
219 verbose headers { date: 'Thu, 12 Jan 2017 19:34:15 GMT',
219 verbose headers   via: '1.1 varnish',
219 verbose headers   'cache-control': 'max-age=300',
219 verbose headers   etag: 'W/"55725f4b-10b9"',
219 verbose headers   age: '0',
219 verbose headers   connection: 'keep-alive',
219 verbose headers   'x-served-by': 'cache-sin6925-SIN',
219 verbose headers   'x-cache': 'MISS',
219 verbose headers   'x-cache-hits': '0',
219 verbose headers   'x-timer': 'S1484249655.107535,VS0,VE202',
219 verbose headers   vary: 'Accept-Encoding' }
220 silly get cb [ 304,
220 silly get   { date: 'Thu, 12 Jan 2017 19:34:15 GMT',
220 silly get     via: '1.1 varnish',
220 silly get     'cache-control': 'max-age=300',
220 silly get     etag: 'W/"55725f4b-10b9"',
220 silly get     age: '0',
220 silly get     connection: 'keep-alive',
220 silly get     'x-served-by': 'cache-sin6925-SIN',
220 silly get     'x-cache': 'MISS',
220 silly get     'x-cache-hits': '0',
220 silly get     'x-timer': 'S1484249655.107535,VS0,VE202',
220 silly get     vary: 'Accept-Encoding' } ]
221 verbose etag https://registry.npmjs.org/hubot-rules from cache
222 verbose get saving hubot-rules to /Users/bernstein/.npm/registry.npmjs.org/hubot-rules/.cache.json
223 verbose correctMkdir /Users/bernstein/.npm correctMkdir not in flight; initializing
224 http 304 https://registry.npmjs.org/hubot-pugme
225 verbose headers { date: 'Thu, 12 Jan 2017 19:34:15 GMT',
225 verbose headers   via: '1.1 varnish',
225 verbose headers   'cache-control': 'max-age=300',
225 verbose headers   etag: 'W/"5571e8e0-b25"',
225 verbose headers   age: '0',
225 verbose headers   connection: 'keep-alive',
225 verbose headers   'x-served-by': 'cache-sin6920-SIN',
225 verbose headers   'x-cache': 'MISS',
225 verbose headers   'x-cache-hits': '0',
225 verbose headers   'x-timer': 'S1484249655.114696,VS0,VE201',
225 verbose headers   vary: 'Accept-Encoding' }
226 silly get cb [ 304,
226 silly get   { date: 'Thu, 12 Jan 2017 19:34:15 GMT',
226 silly get     via: '1.1 varnish',
226 silly get     'cache-control': 'max-age=300',
226 silly get     etag: 'W/"5571e8e0-b25"',
226 silly get     age: '0',
226 silly get     connection: 'keep-alive',
226 silly get     'x-served-by': 'cache-sin6920-SIN',
226 silly get     'x-cache': 'MISS',
226 silly get     'x-cache-hits': '0',
226 silly get     'x-timer': 'S1484249655.114696,VS0,VE201',
226 silly get     vary: 'Accept-Encoding' } ]
227 verbose etag https://registry.npmjs.org/hubot-pugme from cache
228 verbose get saving hubot-pugme to /Users/bernstein/.npm/registry.npmjs.org/hubot-pugme/.cache.json
229 verbose correctMkdir /Users/bernstein/.npm correctMkdir not in flight; initializing
230 http 304 https://registry.npmjs.org/hubot-google-translate
231 verbose headers { date: 'Thu, 12 Jan 2017 19:34:15 GMT',
231 verbose headers   via: '1.1 varnish',
231 verbose headers   'cache-control': 'max-age=300',
231 verbose headers   etag: 'W/"5571e8c4-117e"',
231 verbose headers   age: '0',
231 verbose headers   connection: 'keep-alive',
231 verbose headers   'x-served-by': 'cache-sin6926-SIN',
231 verbose headers   'x-cache': 'MISS',
231 verbose headers   'x-cache-hits': '0',
231 verbose headers   'x-timer': 'S1484249655.110924,VS0,VE202',
231 verbose headers   vary: 'Accept-Encoding' }
232 silly get cb [ 304,
232 silly get   { date: 'Thu, 12 Jan 2017 19:34:15 GMT',
232 silly get     via: '1.1 varnish',
232 silly get     'cache-control': 'max-age=300',
232 silly get     etag: 'W/"5571e8c4-117e"',
232 silly get     age: '0',
232 silly get     connection: 'keep-alive',
232 silly get     'x-served-by': 'cache-sin6926-SIN',
232 silly get     'x-cache': 'MISS',
232 silly get     'x-cache-hits': '0',
232 silly get     'x-timer': 'S1484249655.110924,VS0,VE202',
232 silly get     vary: 'Accept-Encoding' } ]
233 verbose etag https://registry.npmjs.org/hubot-google-translate from cache
234 verbose get saving hubot-google-translate to /Users/bernstein/.npm/registry.npmjs.org/hubot-google-translate/.cache.json
235 verbose correctMkdir /Users/bernstein/.npm correctMkdir not in flight; initializing
236 http 304 https://registry.npmjs.org/hubot-redis-brain
237 verbose headers { date: 'Thu, 12 Jan 2017 19:34:15 GMT',
237 verbose headers   via: '1.1 varnish',
237 verbose headers   'cache-control': 'max-age=300',
237 verbose headers   etag: 'W/"55724ea9-15a2"',
237 verbose headers   age: '0',
237 verbose headers   connection: 'keep-alive',
237 verbose headers   'x-served-by': 'cache-sin6927-SIN',
237 verbose headers   'x-cache': 'MISS',
237 verbose headers   'x-cache-hits': '0',
237 verbose headers   'x-timer': 'S1484249655.131509,VS0,VE787',
237 verbose headers   vary: 'Accept-Encoding' }
238 silly get cb [ 304,
238 silly get   { date: 'Thu, 12 Jan 2017 19:34:15 GMT',
238 silly get     via: '1.1 varnish',
238 silly get     'cache-control': 'max-age=300',
238 silly get     etag: 'W/"55724ea9-15a2"',
238 silly get     age: '0',
238 silly get     connection: 'keep-alive',
238 silly get     'x-served-by': 'cache-sin6927-SIN',
238 silly get     'x-cache': 'MISS',
238 silly get     'x-cache-hits': '0',
238 silly get     'x-timer': 'S1484249655.131509,VS0,VE787',
238 silly get     vary: 'Accept-Encoding' } ]
239 verbose etag https://registry.npmjs.org/hubot-redis-brain from cache
240 verbose get saving hubot-redis-brain to /Users/bernstein/.npm/registry.npmjs.org/hubot-redis-brain/.cache.json
241 verbose correctMkdir /Users/bernstein/.npm correctMkdir not in flight; initializing
242 http 304 https://registry.npmjs.org/hubot-shipit
243 verbose headers { date: 'Thu, 12 Jan 2017 19:34:15 GMT',
243 verbose headers   via: '1.1 varnish',
243 verbose headers   'cache-control': 'max-age=300',
243 verbose headers   etag: 'W/"5571e8f9-18fb"',
243 verbose headers   age: '0',
243 verbose headers   connection: 'keep-alive',
243 verbose headers   'x-served-by': 'cache-sin6925-SIN',
243 verbose headers   'x-cache': 'MISS',
243 verbose headers   'x-cache-hits': '0',
243 verbose headers   'x-timer': 'S1484249655.123290,VS0,VE812',
243 verbose headers   vary: 'Accept-Encoding' }
244 silly get cb [ 304,
244 silly get   { date: 'Thu, 12 Jan 2017 19:34:15 GMT',
244 silly get     via: '1.1 varnish',
244 silly get     'cache-control': 'max-age=300',
244 silly get     etag: 'W/"5571e8f9-18fb"',
244 silly get     age: '0',
244 silly get     connection: 'keep-alive',
244 silly get     'x-served-by': 'cache-sin6925-SIN',
244 silly get     'x-cache': 'MISS',
244 silly get     'x-cache-hits': '0',
244 silly get     'x-timer': 'S1484249655.123290,VS0,VE812',
244 silly get     vary: 'Accept-Encoding' } ]
245 verbose etag https://registry.npmjs.org/hubot-shipit from cache
246 verbose get saving hubot-shipit to /Users/bernstein/.npm/registry.npmjs.org/hubot-shipit/.cache.json
247 verbose correctMkdir /Users/bernstein/.npm correctMkdir not in flight; initializing
248 http 304 https://registry.npmjs.org/hubot-maps
249 verbose headers { date: 'Thu, 12 Jan 2017 19:34:15 GMT',
249 verbose headers   via: '1.1 varnish',
249 verbose headers   'cache-control': 'max-age=300',
249 verbose headers   etag: 'W/"55144ec9-1089"',
249 verbose headers   age: '0',
249 verbose headers   connection: 'keep-alive',
249 verbose headers   'x-served-by': 'cache-sin6923-SIN',
249 verbose headers   'x-cache': 'MISS',
249 verbose headers   'x-cache-hits': '0',
249 verbose headers   'x-timer': 'S1484249655.112675,VS0,VE847',
249 verbose headers   vary: 'Accept-Encoding' }
250 silly get cb [ 304,
250 silly get   { date: 'Thu, 12 Jan 2017 19:34:15 GMT',
250 silly get     via: '1.1 varnish',
250 silly get     'cache-control': 'max-age=300',
250 silly get     etag: 'W/"55144ec9-1089"',
250 silly get     age: '0',
250 silly get     connection: 'keep-alive',
250 silly get     'x-served-by': 'cache-sin6923-SIN',
250 silly get     'x-cache': 'MISS',
250 silly get     'x-cache-hits': '0',
250 silly get     'x-timer': 'S1484249655.112675,VS0,VE847',
250 silly get     vary: 'Accept-Encoding' } ]
251 verbose etag https://registry.npmjs.org/hubot-maps from cache
252 verbose get saving hubot-maps to /Users/bernstein/.npm/registry.npmjs.org/hubot-maps/.cache.json
253 verbose correctMkdir /Users/bernstein/.npm correctMkdir not in flight; initializing
254 silly install normalizeTree
255 silly loadCurrentTree Finishing
256 silly loadIdealTree Starting
257 silly install loadIdealTree
258 silly cloneCurrentTree Starting
259 silly install cloneCurrentTreeToIdealTree
260 silly cloneCurrentTree Finishing
261 silly loadShrinkwrap Starting
262 silly install loadShrinkwrap
263 silly loadShrinkwrap Finishing
264 silly loadAllDepsIntoIdealTree Starting
265 silly install loadAllDepsIntoIdealTree
266 silly rollbackFailedOptional Starting
267 silly rollbackFailedOptional Finishing
268 silly runTopLevelLifecycles Finishing
269 silly install printInstalled
270 verbose stack Error: Refusing to install package with name "hubot" under a package
270 verbose stack also called "hubot". Did you name your project the same
270 verbose stack as the dependency you're installing?
270 verbose stack
270 verbose stack For more information, see:
270 verbose stack     <https://docs.npmjs.com/cli/install#limitations-of-npms-install-algorithm>
270 verbose stack     at checkSelf (/usr/local/lib/node_modules/npm/lib/install/validate-args.js:53:14)
270 verbose stack     at Array.<anonymous> (/usr/local/lib/node_modules/npm/node_modules/slide/lib/bind-actor.js:15:8)
270 verbose stack     at LOOP (/usr/local/lib/node_modules/npm/node_modules/slide/lib/chain.js:15:14)
270 verbose stack     at chain (/usr/local/lib/node_modules/npm/node_modules/slide/lib/chain.js:20:5)
270 verbose stack     at /usr/local/lib/node_modules/npm/lib/install/validate-args.js:16:5
270 verbose stack     at /usr/local/lib/node_modules/npm/node_modules/slide/lib/async-map.js:52:35
270 verbose stack     at Array.forEach (native)
270 verbose stack     at /usr/local/lib/node_modules/npm/node_modules/slide/lib/async-map.js:52:11
270 verbose stack     at Array.forEach (native)
270 verbose stack     at asyncMap (/usr/local/lib/node_modules/npm/node_modules/slide/lib/async-map.js:51:8)
271 verbose cwd /Users/bernstein/Documents/proj/Meine-Karten
272 error Darwin 16.4.0
273 error argv "/usr/local/bin/node" "/usr/local/bin/npm" "install" "hubot" "hubot-scripts" "hubot-diagnostics" "hubot-help" "hubot-heroku-keepalive" "hubot-google-images" "hubot-google-translate" "hubot-pugme" "hubot-maps" "hubot-redis-brain" "hubot-rules" "hubot-shipit" "hubot-slack" "--save"
274 error node v7.4.0
275 error npm  v4.0.5
276 error code ENOSELF
277 error Refusing to install package with name "hubot" under a package
277 error also called "hubot". Did you name your project the same
277 error as the dependency you're installing?
277 error
277 error For more information, see:
277 error     <https://docs.npmjs.com/cli/install#limitations-of-npms-install-algorithm>
278 error If you need help, you may report this error at:
278 error     <https://github.com/npm/npm/issues>
279 verbose exit [ 1, true ]
